{"container_id":"c034769e960fbbdcbea8a6e9ade5a9087f2a91243192dfd7e5abf4f9d90e6bd9","severity":"INFO","time":"2022/02/07 12:24:58.640923","line":"java_template_launcher.go:40","message":"Started template launcher."}
{"container_id":"c034769e960fbbdcbea8a6e9ade5a9087f2a91243192dfd7e5abf4f9d90e6bd9","severity":"INFO","time":"2022/02/07 12:24:58.643534","line":"java_template_launcher.go:44","message":"Initialize Java template."}
{"container_id":"c034769e960fbbdcbea8a6e9ade5a9087f2a91243192dfd7e5abf4f9d90e6bd9","severity":"INFO","time":"2022/02/07 12:24:58.647926","line":"java_template.go:100","message":"Validating metadata template-container-args: {\"consoleLogsLocation\":\"gs://dataflow-staging-asia-northeast1-950499514451/staging/template_launches/2022-02-07_04_23_52-9202563952417956133/console_logs\",\"environment\":{\"region\":\"asia-northeast1\",\"serviceAccountEmail\":\"950499514451-compute@developer.gserviceaccount.com\",\"stagingLocation\":\"gs://dataflow-staging-asia-northeast1-950499514451/staging\",\"subnetwork\":\"https://www.googleapis.com/compute/v1/projects/ubie-yu-sandbox/regions/asia-northeast1/subnetworks/dataflow-subnet\",\"tempLocation\":\"gs://dataflow-staging-asia-northeast1-950499514451/tmp\"},\"jobId\":\"2022-02-07_04_23_52-9202563952417956133\",\"jobName\":\"test-spanner-to-bigquery\",\"jobObjectLocation\":\"gs://dataflow-staging-asia-northeast1-950499514451/staging/template_launches/2022-02-07_04_23_52-9202563952417956133/job_object\",\"operationResultLocation\":\"gs://dataflow-staging-asia-northeast1-950499514451/staging/template_launches/2022-02-07_04_23_52-9202563952417956133/operation_result\",\"parameters\":{\"config\":\"gs://ubie-yu-sandbox-dataflow-template/config/spanner-to-bigquery.json\",\"stagingLocation\":\"gs://dataflow-staging-asia-northeast1-950499514451/staging\",\"subnetwork\":\"https://www.googleapis.com/compute/v1/projects/ubie-yu-sandbox/regions/asia-northeast1/subnetworks/dataflow-subnet\",\"tempLocation\":\"gs://dataflow-staging-asia-northeast1-950499514451/tmp\"},\"projectId\":\"ubie-yu-sandbox\"}"}
{"container_id":"c034769e960fbbdcbea8a6e9ade5a9087f2a91243192dfd7e5abf4f9d90e6bd9","severity":"INFO","time":"2022/02/07 12:24:58.648449","line":"java_template.go:109","message":"Extracting operation result location."}
{"container_id":"c034769e960fbbdcbea8a6e9ade5a9087f2a91243192dfd7e5abf4f9d90e6bd9","severity":"INFO","time":"2022/02/07 12:24:58.648507","line":"java_template.go:117","message":"Operation result location: gs://dataflow-staging-asia-northeast1-950499514451/staging/template_launches/2022-02-07_04_23_52-9202563952417956133/operation_result"}
{"container_id":"c034769e960fbbdcbea8a6e9ade5a9087f2a91243192dfd7e5abf4f9d90e6bd9","severity":"INFO","time":"2022/02/07 12:24:58.648525","line":"java_template.go:120","message":"Extracting console log location."}
{"container_id":"c034769e960fbbdcbea8a6e9ade5a9087f2a91243192dfd7e5abf4f9d90e6bd9","severity":"INFO","time":"2022/02/07 12:24:58.648539","line":"java_template.go:128","message":"Console logs location: gs://dataflow-staging-asia-northeast1-950499514451/staging/template_launches/2022-02-07_04_23_52-9202563952417956133/console_logs"}
{"container_id":"c034769e960fbbdcbea8a6e9ade5a9087f2a91243192dfd7e5abf4f9d90e6bd9","severity":"INFO","time":"2022/02/07 12:24:58.648559","line":"java_template.go:131","message":"Extracting and validating Java command specs."}
{"container_id":"c034769e960fbbdcbea8a6e9ade5a9087f2a91243192dfd7e5abf4f9d90e6bd9","severity":"INFO","time":"2022/02/07 12:24:58.648767","line":"java_template.go:139","message":"Generating launch args."}
{"container_id":"c034769e960fbbdcbea8a6e9ade5a9087f2a91243192dfd7e5abf4f9d90e6bd9","severity":"INFO","time":"2022/02/07 12:24:58.648797","line":"java_args.go:136","message":"Overriding stagingLocation with value: gs://dataflow-staging-asia-northeast1-950499514451/staging (previous value: gs://dataflow-staging-asia-northeast1-950499514451/staging)"}
{"container_id":"c034769e960fbbdcbea8a6e9ade5a9087f2a91243192dfd7e5abf4f9d90e6bd9","severity":"INFO","time":"2022/02/07 12:24:58.648815","line":"java_args.go:136","message":"Overriding subnetwork with value: https://www.googleapis.com/compute/v1/projects/ubie-yu-sandbox/regions/asia-northeast1/subnetworks/dataflow-subnet (previous value: https://www.googleapis.com/compute/v1/projects/ubie-yu-sandbox/regions/asia-northeast1/subnetworks/dataflow-subnet)"}
{"container_id":"c034769e960fbbdcbea8a6e9ade5a9087f2a91243192dfd7e5abf4f9d90e6bd9","severity":"INFO","time":"2022/02/07 12:24:58.648851","line":"java_args.go:136","message":"Overriding tempLocation with value: gs://dataflow-staging-asia-northeast1-950499514451/tmp (previous value: gs://dataflow-staging-asia-northeast1-950499514451/tmp)"}
{"container_id":"c034769e960fbbdcbea8a6e9ade5a9087f2a91243192dfd7e5abf4f9d90e6bd9","severity":"INFO","time":"2022/02/07 12:24:58.648874","line":"launch.go:47","message":"Validating ExpectedFeatures."}
{"container_id":"c034769e960fbbdcbea8a6e9ade5a9087f2a91243192dfd7e5abf4f9d90e6bd9","severity":"INFO","time":"2022/02/07 12:24:58.648891","line":"launch.go:72","message":"Launching Java template."}
{"container_id":"c034769e960fbbdcbea8a6e9ade5a9087f2a91243192dfd7e5abf4f9d90e6bd9","severity":"INFO","time":"2022/02/07 12:24:58.648938","line":"java_template.go:63","message":"Using launch args: [-cp /template/FlexPipeline/libs/*:/template/FlexPipeline/classes com.mercari.solution.FlexPipeline --project=ubie-yu-sandbox --jobName=test-spanner-to-bigquery --templateLocation=gs://dataflow-staging-asia-northeast1-950499514451/staging/template_launches/2022-02-07_04_23_52-9202563952417956133/job_object --subnetwork=https://www.googleapis.com/compute/v1/projects/ubie-yu-sandbox/regions/asia-northeast1/subnetworks/dataflow-subnet --stagingLocation=gs://dataflow-staging-asia-northeast1-950499514451/staging --config=gs://ubie-yu-sandbox-dataflow-template/config/spanner-to-bigquery.json --runner=DataflowRunner --region=asia-northeast1 --serviceAccount=950499514451-compute@developer.gserviceaccount.com --tempLocation=gs://dataflow-staging-asia-northeast1-950499514451/tmp]"}
{"container_id":"c034769e960fbbdcbea8a6e9ade5a9087f2a91243192dfd7e5abf4f9d90e6bd9","severity":"INFO","time":"2022/02/07 12:24:58.648980","line":"exec.go:37","message":"Executing: java -cp /template/FlexPipeline/libs/*:/template/FlexPipeline/classes com.mercari.solution.FlexPipeline --project=ubie-yu-sandbox --jobName=test-spanner-to-bigquery --templateLocation=gs://dataflow-staging-asia-northeast1-950499514451/staging/template_launches/2022-02-07_04_23_52-9202563952417956133/job_object --subnetwork=https://www.googleapis.com/compute/v1/projects/ubie-yu-sandbox/regions/asia-northeast1/subnetworks/dataflow-subnet --stagingLocation=gs://dataflow-staging-asia-northeast1-950499514451/staging --config=gs://ubie-yu-sandbox-dataflow-template/config/spanner-to-bigquery.json --runner=DataflowRunner --region=asia-northeast1 --serviceAccount=950499514451-compute@developer.gserviceaccount.com --tempLocation=gs://dataflow-staging-asia-northeast1-950499514451/tmp"}
{"container_id":"c034769e960fbbdcbea8a6e9ade5a9087f2a91243192dfd7e5abf4f9d90e6bd9","severity":"INFO","time":"2022/02/07 12:24:59.568786","line":"exec.go:64","message":"SLF4J: Class path contains multiple SLF4J bindings."}
{"container_id":"c034769e960fbbdcbea8a6e9ade5a9087f2a91243192dfd7e5abf4f9d90e6bd9","severity":"INFO","time":"2022/02/07 12:24:59.569104","line":"exec.go:64","message":"SLF4J: Found binding in [jar:file:/template/FlexPipeline/libs/slf4j-jdk14-1.7.32.jar!/org/slf4j/impl/StaticLoggerBinder.class]"}
{"container_id":"c034769e960fbbdcbea8a6e9ade5a9087f2a91243192dfd7e5abf4f9d90e6bd9","severity":"INFO","time":"2022/02/07 12:24:59.569207","line":"exec.go:64","message":"SLF4J: Found binding in [jar:file:/template/FlexPipeline/libs/log4j-slf4j-impl-2.17.1.jar!/org/slf4j/impl/StaticLoggerBinder.class]"}
{"container_id":"c034769e960fbbdcbea8a6e9ade5a9087f2a91243192dfd7e5abf4f9d90e6bd9","severity":"INFO","time":"2022/02/07 12:24:59.569319","line":"exec.go:64","message":"SLF4J: See http://www.slf4j.org/codes.html#multiple_bindings for an explanation."}
{"container_id":"c034769e960fbbdcbea8a6e9ade5a9087f2a91243192dfd7e5abf4f9d90e6bd9","severity":"INFO","time":"2022/02/07 12:24:59.684879","line":"exec.go:64","message":"SLF4J: Actual binding is of type [org.slf4j.impl.JDK14LoggerFactory]"}
{"container_id":"c034769e960fbbdcbea8a6e9ade5a9087f2a91243192dfd7e5abf4f9d90e6bd9","severity":"INFO","time":"2022/02/07 12:25:05.623221","line":"exec.go:64","message":"Feb 07, 2022 12:25:05 PM com.mercari.solution.config.Config parse"}
{"container_id":"c034769e960fbbdcbea8a6e9ade5a9087f2a91243192dfd7e5abf4f9d90e6bd9","severity":"INFO","time":"2022/02/07 12:25:05.623289","line":"exec.go:64","message":"INFO: Pipeline config: "}
{"container_id":"c034769e960fbbdcbea8a6e9ade5a9087f2a91243192dfd7e5abf4f9d90e6bd9","severity":"INFO","time":"2022/02/07 12:25:05.623301","line":"exec.go:64","message":"{"}
{"container_id":"c034769e960fbbdcbea8a6e9ade5a9087f2a91243192dfd7e5abf4f9d90e6bd9","severity":"INFO","time":"2022/02/07 12:25:05.623311","line":"exec.go:64","message":"  \"sources\": ["}
{"container_id":"c034769e960fbbdcbea8a6e9ade5a9087f2a91243192dfd7e5abf4f9d90e6bd9","severity":"INFO","time":"2022/02/07 12:25:05.623321","line":"exec.go:64","message":"    {"}
{"container_id":"c034769e960fbbdcbea8a6e9ade5a9087f2a91243192dfd7e5abf4f9d90e6bd9","severity":"INFO","time":"2022/02/07 12:25:05.623329","line":"exec.go:64","message":"      \"name\": \"spanner\","}
{"container_id":"c034769e960fbbdcbea8a6e9ade5a9087f2a91243192dfd7e5abf4f9d90e6bd9","severity":"INFO","time":"2022/02/07 12:25:05.623339","line":"exec.go:64","message":"      \"module\": \"spanner\","}
{"container_id":"c034769e960fbbdcbea8a6e9ade5a9087f2a91243192dfd7e5abf4f9d90e6bd9","severity":"INFO","time":"2022/02/07 12:25:05.623353","line":"exec.go:64","message":"      \"parameters\": {"}
{"container_id":"c034769e960fbbdcbea8a6e9ade5a9087f2a91243192dfd7e5abf4f9d90e6bd9","severity":"INFO","time":"2022/02/07 12:25:05.623363","line":"exec.go:64","message":"        \"projectId\": \"ubie-yu-sandbox\","}
{"container_id":"c034769e960fbbdcbea8a6e9ade5a9087f2a91243192dfd7e5abf4f9d90e6bd9","severity":"INFO","time":"2022/02/07 12:25:05.623373","line":"exec.go:64","message":"        \"instanceId\": \"test-etl\","}
{"container_id":"c034769e960fbbdcbea8a6e9ade5a9087f2a91243192dfd7e5abf4f9d90e6bd9","severity":"INFO","time":"2022/02/07 12:25:05.623382","line":"exec.go:64","message":"        \"databaseId\": \"test-db\","}
{"container_id":"c034769e960fbbdcbea8a6e9ade5a9087f2a91243192dfd7e5abf4f9d90e6bd9","severity":"INFO","time":"2022/02/07 12:25:05.623391","line":"exec.go:64","message":"        \"query\": \"SELECT * FROM TestTable1\""}
{"container_id":"c034769e960fbbdcbea8a6e9ade5a9087f2a91243192dfd7e5abf4f9d90e6bd9","severity":"INFO","time":"2022/02/07 12:25:05.623401","line":"exec.go:64","message":"      }"}
{"container_id":"c034769e960fbbdcbea8a6e9ade5a9087f2a91243192dfd7e5abf4f9d90e6bd9","severity":"INFO","time":"2022/02/07 12:25:05.623409","line":"exec.go:64","message":"    }"}
{"container_id":"c034769e960fbbdcbea8a6e9ade5a9087f2a91243192dfd7e5abf4f9d90e6bd9","severity":"INFO","time":"2022/02/07 12:25:05.623417","line":"exec.go:64","message":"  ],"}
{"container_id":"c034769e960fbbdcbea8a6e9ade5a9087f2a91243192dfd7e5abf4f9d90e6bd9","severity":"INFO","time":"2022/02/07 12:25:05.623425","line":"exec.go:64","message":"  \"sinks\": ["}
{"container_id":"c034769e960fbbdcbea8a6e9ade5a9087f2a91243192dfd7e5abf4f9d90e6bd9","severity":"INFO","time":"2022/02/07 12:25:05.623434","line":"exec.go:64","message":"    {"}
{"container_id":"c034769e960fbbdcbea8a6e9ade5a9087f2a91243192dfd7e5abf4f9d90e6bd9","severity":"INFO","time":"2022/02/07 12:25:05.623442","line":"exec.go:64","message":"      \"name\": \"bigquery\","}
{"container_id":"c034769e960fbbdcbea8a6e9ade5a9087f2a91243192dfd7e5abf4f9d90e6bd9","severity":"INFO","time":"2022/02/07 12:25:05.623451","line":"exec.go:64","message":"      \"module\": \"bigquery\","}
{"container_id":"c034769e960fbbdcbea8a6e9ade5a9087f2a91243192dfd7e5abf4f9d90e6bd9","severity":"INFO","time":"2022/02/07 12:25:05.623490","line":"exec.go:64","message":"      \"input\": \"spanner\","}
{"container_id":"c034769e960fbbdcbea8a6e9ade5a9087f2a91243192dfd7e5abf4f9d90e6bd9","severity":"INFO","time":"2022/02/07 12:25:05.623512","line":"exec.go:64","message":"      \"parameters\": {"}
{"container_id":"c034769e960fbbdcbea8a6e9ade5a9087f2a91243192dfd7e5abf4f9d90e6bd9","severity":"INFO","time":"2022/02/07 12:25:05.623521","line":"exec.go:64","message":"        \"table\": \"ubie-yu-sandbox:test_in_tokyo.spanner_to_bigquery_by_dataflow\","}
{"container_id":"c034769e960fbbdcbea8a6e9ade5a9087f2a91243192dfd7e5abf4f9d90e6bd9","severity":"INFO","time":"2022/02/07 12:25:05.623532","line":"exec.go:64","message":"        \"createDisposition\": \"CREATE_IF_NEEDED\","}
{"container_id":"c034769e960fbbdcbea8a6e9ade5a9087f2a91243192dfd7e5abf4f9d90e6bd9","severity":"INFO","time":"2022/02/07 12:25:05.623542","line":"exec.go:64","message":"        \"writeDisposition\": \"WRITE_TRUNCATE\""}
{"container_id":"c034769e960fbbdcbea8a6e9ade5a9087f2a91243192dfd7e5abf4f9d90e6bd9","severity":"INFO","time":"2022/02/07 12:25:05.623558","line":"exec.go:64","message":"      }"}
{"container_id":"c034769e960fbbdcbea8a6e9ade5a9087f2a91243192dfd7e5abf4f9d90e6bd9","severity":"INFO","time":"2022/02/07 12:25:05.623569","line":"exec.go:64","message":"    }"}
{"container_id":"c034769e960fbbdcbea8a6e9ade5a9087f2a91243192dfd7e5abf4f9d90e6bd9","severity":"INFO","time":"2022/02/07 12:25:05.623580","line":"exec.go:64","message":"  ]"}
{"container_id":"c034769e960fbbdcbea8a6e9ade5a9087f2a91243192dfd7e5abf4f9d90e6bd9","severity":"INFO","time":"2022/02/07 12:25:05.623588","line":"exec.go:64","message":"}"}
{"container_id":"c034769e960fbbdcbea8a6e9ade5a9087f2a91243192dfd7e5abf4f9d90e6bd9","severity":"INFO","time":"2022/02/07 12:25:05.725030","line":"exec.go:64","message":"Feb 07, 2022 12:25:05 PM com.mercari.solution.FlexPipeline main"}
{"container_id":"c034769e960fbbdcbea8a6e9ade5a9087f2a91243192dfd7e5abf4f9d90e6bd9","severity":"INFO","time":"2022/02/07 12:25:05.725094","line":"exec.go:64","message":"INFO: DataflowRunner mode."}
{"container_id":"c034769e960fbbdcbea8a6e9ade5a9087f2a91243192dfd7e5abf4f9d90e6bd9","severity":"INFO","time":"2022/02/07 12:25:06.108491","line":"exec.go:64","message":"Feb 07, 2022 12:25:06 PM org.apache.beam.sdk.io.aws.s3.DefaultS3ClientBuilderFactory createBuilder"}
{"container_id":"c034769e960fbbdcbea8a6e9ade5a9087f2a91243192dfd7e5abf4f9d90e6bd9","severity":"INFO","time":"2022/02/07 12:25:06.108556","line":"exec.go:64","message":"INFO: The AWS S3 Beam extension was included in this build, but the awsRegion flag was not specified. If you don't plan to use S3, then ignore this message."}
{"container_id":"c034769e960fbbdcbea8a6e9ade5a9087f2a91243192dfd7e5abf4f9d90e6bd9","severity":"INFO","time":"2022/02/07 12:25:08.843341","line":"exec.go:64","message":"Feb 07, 2022 12:25:08 PM org.apache.beam.runners.dataflow.DataflowRunner fromOptions"}
{"container_id":"c034769e960fbbdcbea8a6e9ade5a9087f2a91243192dfd7e5abf4f9d90e6bd9","severity":"INFO","time":"2022/02/07 12:25:08.843406","line":"exec.go:64","message":"INFO: PipelineOptions.filesToStage was not specified. Defaulting to files from the classpath: will stage 455 files. Enable logging at DEBUG level to see which files will be staged."}
{"container_id":"c034769e960fbbdcbea8a6e9ade5a9087f2a91243192dfd7e5abf4f9d90e6bd9","severity":"INFO","time":"2022/02/07 12:25:13.171944","line":"exec.go:64","message":"Feb 07, 2022 12:25:13 PM com.mercari.solution.module.source.SpannerSource$CreateTransactionFn \u003cinit\u003e"}
{"container_id":"c034769e960fbbdcbea8a6e9ade5a9087f2a91243192dfd7e5abf4f9d90e6bd9","severity":"INFO","time":"2022/02/07 12:25:13.172009","line":"exec.go:64","message":"INFO: TimestampBound: strong"}
{"container_id":"c034769e960fbbdcbea8a6e9ade5a9087f2a91243192dfd7e5abf4f9d90e6bd9","severity":"INFO","time":"2022/02/07 12:25:17.057544","line":"exec.go:64","message":"Feb 07, 2022 12:25:17 PM com.mercari.solution.util.converter.StructToRecordConverter convertSchema"}
{"container_id":"c034769e960fbbdcbea8a6e9ade5a9087f2a91243192dfd7e5abf4f9d90e6bd9","severity":"INFO","time":"2022/02/07 12:25:17.057608","line":"exec.go:64","message":"SEVERE: Failed to convert schema from type: STRUCT\u003cStringClm STRING, BoolClm BOOL, BytesClm BYTES, Int64Clm INT64, DateClm DATE, Float64Clm FLOAT64, JsonClm JSON, NumericClm NUMERIC, TimestampClm TIMESTAMP, ArrayInt64Clm ARRAY\u003cINT64\u003e, ArrayStringClm ARRAY\u003cSTRING\u003e, ArrayDateClm ARRAY\u003cDATE\u003e, ArrayNumericClm ARRAY\u003cNUMERIC\u003e, ArrayTimestampClm ARRAY\u003cTIMESTAMP\u003e\u003e"}
{"container_id":"c034769e960fbbdcbea8a6e9ade5a9087f2a91243192dfd7e5abf4f9d90e6bd9","severity":"INFO","time":"2022/02/07 12:25:17.065117","line":"exec.go:64","message":"Feb 07, 2022 12:25:17 PM com.mercari.solution.module.sink.BigQuerySink write"}
{"container_id":"c034769e960fbbdcbea8a6e9ade5a9087f2a91243192dfd7e5abf4f9d90e6bd9","severity":"INFO","time":"2022/02/07 12:25:17.065176","line":"exec.go:64","message":"SEVERE: Failed to output avro schema for bigquery to path: null"}
{"container_id":"c034769e960fbbdcbea8a6e9ade5a9087f2a91243192dfd7e5abf4f9d90e6bd9","severity":"INFO","time":"2022/02/07 12:25:17.065189","line":"exec.go:64","message":"java.lang.IllegalStateException: Failed to convert schema from type: STRUCT\u003cStringClm STRING, BoolClm BOOL, BytesClm BYTES, Int64Clm INT64, DateClm DATE, Float64Clm FLOAT64, JsonClm JSON, NumericClm NUMERIC, TimestampClm TIMESTAMP, ArrayInt64Clm ARRAY\u003cINT64\u003e, ArrayStringClm ARRAY\u003cSTRING\u003e, ArrayDateClm ARRAY\u003cDATE\u003e, ArrayNumericClm ARRAY\u003cNUMERIC\u003e, ArrayTimestampClm ARRAY\u003cTIMESTAMP\u003e\u003e"}
{"container_id":"c034769e960fbbdcbea8a6e9ade5a9087f2a91243192dfd7e5abf4f9d90e6bd9","severity":"INFO","time":"2022/02/07 12:25:17.065214","line":"exec.go:64","message":"\tat com.mercari.solution.util.converter.StructToRecordConverter.convertSchema(StructToRecordConverter.java:81)"}
{"container_id":"c034769e960fbbdcbea8a6e9ade5a9087f2a91243192dfd7e5abf4f9d90e6bd9","severity":"INFO","time":"2022/02/07 12:25:17.065227","line":"exec.go:64","message":"\tat com.mercari.solution.util.converter.StructToRecordConverter.convertSchema(StructToRecordConverter.java:67)"}
{"container_id":"c034769e960fbbdcbea8a6e9ade5a9087f2a91243192dfd7e5abf4f9d90e6bd9","severity":"INFO","time":"2022/02/07 12:25:17.065240","line":"exec.go:64","message":"\tat com.mercari.solution.module.FCollection.getAvroSchema(FCollection.java:100)"}
{"container_id":"c034769e960fbbdcbea8a6e9ade5a9087f2a91243192dfd7e5abf4f9d90e6bd9","severity":"INFO","time":"2022/02/07 12:25:17.065251","line":"exec.go:64","message":"\tat com.mercari.solution.module.sink.BigQuerySink.write(BigQuerySink.java:251)"}
{"container_id":"c034769e960fbbdcbea8a6e9ade5a9087f2a91243192dfd7e5abf4f9d90e6bd9","severity":"INFO","time":"2022/02/07 12:25:17.065261","line":"exec.go:64","message":"\tat com.mercari.solution.module.sink.BigQuerySink.expand(BigQuerySink.java:231)"}
{"container_id":"c034769e960fbbdcbea8a6e9ade5a9087f2a91243192dfd7e5abf4f9d90e6bd9","severity":"INFO","time":"2022/02/07 12:25:17.065277","line":"exec.go:64","message":"\tat com.mercari.solution.FlexPipeline.setSinkResult(FlexPipeline.java:372)"}
{"container_id":"c034769e960fbbdcbea8a6e9ade5a9087f2a91243192dfd7e5abf4f9d90e6bd9","severity":"INFO","time":"2022/02/07 12:25:17.065296","line":"exec.go:64","message":"\tat com.mercari.solution.FlexPipeline.run(FlexPipeline.java:98)"}
{"container_id":"c034769e960fbbdcbea8a6e9ade5a9087f2a91243192dfd7e5abf4f9d90e6bd9","severity":"INFO","time":"2022/02/07 12:25:17.065306","line":"exec.go:64","message":"\tat com.mercari.solution.FlexPipeline.main(FlexPipeline.java:78)"}
{"container_id":"c034769e960fbbdcbea8a6e9ade5a9087f2a91243192dfd7e5abf4f9d90e6bd9","severity":"INFO","time":"2022/02/07 12:25:17.065317","line":"exec.go:64","message":"Caused by: java.lang.IllegalArgumentException: Spanner type: JSON not supported!"}
{"container_id":"c034769e960fbbdcbea8a6e9ade5a9087f2a91243192dfd7e5abf4f9d90e6bd9","severity":"INFO","time":"2022/02/07 12:25:17.065327","line":"exec.go:64","message":"\tat com.mercari.solution.util.converter.StructToRecordConverter.convertFieldType(StructToRecordConverter.java:268)"}
{"container_id":"c034769e960fbbdcbea8a6e9ade5a9087f2a91243192dfd7e5abf4f9d90e6bd9","severity":"INFO","time":"2022/02/07 12:25:17.065352","line":"exec.go:64","message":"\tat com.mercari.solution.util.converter.StructToRecordConverter.lambda$convertSchema$0(StructToRecordConverter.java:75)"}
{"container_id":"c034769e960fbbdcbea8a6e9ade5a9087f2a91243192dfd7e5abf4f9d90e6bd9","severity":"INFO","time":"2022/02/07 12:25:17.065365","line":"exec.go:64","message":"\tat com.google.common.collect.ImmutableList.forEach(ImmutableList.java:422)"}
{"container_id":"c034769e960fbbdcbea8a6e9ade5a9087f2a91243192dfd7e5abf4f9d90e6bd9","severity":"INFO","time":"2022/02/07 12:25:17.065375","line":"exec.go:64","message":"\tat com.mercari.solution.util.converter.StructToRecordConverter.convertSchema(StructToRecordConverter.java:73)"}
{"container_id":"c034769e960fbbdcbea8a6e9ade5a9087f2a91243192dfd7e5abf4f9d90e6bd9","severity":"INFO","time":"2022/02/07 12:25:17.065387","line":"exec.go:64","message":"\t... 7 more"}
{"container_id":"c034769e960fbbdcbea8a6e9ade5a9087f2a91243192dfd7e5abf4f9d90e6bd9","severity":"INFO","time":"2022/02/07 12:25:17.098430","line":"exec.go:64","message":"Exception in thread \"main\" "}
{"container_id":"c034769e960fbbdcbea8a6e9ade5a9087f2a91243192dfd7e5abf4f9d90e6bd9","severity":"INFO","time":"2022/02/07 12:25:17.104752","line":"exec.go:64","message":"java.lang.IllegalArgumentException: JSON is not supported for bigquery."}
{"container_id":"c034769e960fbbdcbea8a6e9ade5a9087f2a91243192dfd7e5abf4f9d90e6bd9","severity":"INFO","time":"2022/02/07 12:25:17.104966","line":"exec.go:64","message":"\tat com.mercari.solution.util.converter.StructToTableRowConverter.convertTableFieldSchema(StructToTableRowConverter.java:88)"}
{"container_id":"c034769e960fbbdcbea8a6e9ade5a9087f2a91243192dfd7e5abf4f9d90e6bd9","severity":"INFO","time":"2022/02/07 12:25:17.105058","line":"exec.go:64","message":"\tat com.mercari.solution.util.converter.StructToTableRowConverter.convertTableFieldSchema(StructToTableRowConverter.java:40)"}
{"container_id":"c034769e960fbbdcbea8a6e9ade5a9087f2a91243192dfd7e5abf4f9d90e6bd9","severity":"INFO","time":"2022/02/07 12:25:17.105154","line":"exec.go:64","message":"\tat com.mercari.solution.util.converter.StructToTableRowConverter.convertSchema(StructToTableRowConverter.java:22)"}
{"container_id":"c034769e960fbbdcbea8a6e9ade5a9087f2a91243192dfd7e5abf4f9d90e6bd9","severity":"INFO","time":"2022/02/07 12:25:17.105240","line":"exec.go:64","message":"\tat com.mercari.solution.module.FCollection.getTableSchema(FCollection.java:124)"}
{"container_id":"c034769e960fbbdcbea8a6e9ade5a9087f2a91243192dfd7e5abf4f9d90e6bd9","severity":"INFO","time":"2022/02/07 12:25:17.105331","line":"exec.go:64","message":"\tat com.mercari.solution.module.sink.BigQuerySink$BigQueryWrite.createWrite(BigQuerySink.java:422)"}
{"container_id":"c034769e960fbbdcbea8a6e9ade5a9087f2a91243192dfd7e5abf4f9d90e6bd9","severity":"INFO","time":"2022/02/07 12:25:17.105418","line":"exec.go:64","message":"\tat com.mercari.solution.module.sink.BigQuerySink$BigQueryWrite.expand(BigQuerySink.java:385)"}
{"container_id":"c034769e960fbbdcbea8a6e9ade5a9087f2a91243192dfd7e5abf4f9d90e6bd9","severity":"INFO","time":"2022/02/07 12:25:17.105503","line":"exec.go:64","message":"\tat com.mercari.solution.module.sink.BigQuerySink$BigQueryWrite.expand(BigQuerySink.java:323)"}
{"container_id":"c034769e960fbbdcbea8a6e9ade5a9087f2a91243192dfd7e5abf4f9d90e6bd9","severity":"INFO","time":"2022/02/07 12:25:17.105599","line":"exec.go:64","message":"\tat org.apache.beam.sdk.Pipeline.applyInternal(Pipeline.java:548)"}
{"container_id":"c034769e960fbbdcbea8a6e9ade5a9087f2a91243192dfd7e5abf4f9d90e6bd9","severity":"INFO","time":"2022/02/07 12:25:17.105695","line":"exec.go:64","message":"\tat org.apache.beam.sdk.Pipeline.applyTransform(Pipeline.java:499)"}
{"container_id":"c034769e960fbbdcbea8a6e9ade5a9087f2a91243192dfd7e5abf4f9d90e6bd9","severity":"INFO","time":"2022/02/07 12:25:17.105778","line":"exec.go:64","message":"\tat org.apache.beam.sdk.values.PCollection.apply(PCollection.java:376)"}
{"container_id":"c034769e960fbbdcbea8a6e9ade5a9087f2a91243192dfd7e5abf4f9d90e6bd9","severity":"INFO","time":"2022/02/07 12:25:17.105866","line":"exec.go:64","message":"\tat com.mercari.solution.module.sink.BigQuerySink.write(BigQuerySink.java:295)"}
{"container_id":"c034769e960fbbdcbea8a6e9ade5a9087f2a91243192dfd7e5abf4f9d90e6bd9","severity":"INFO","time":"2022/02/07 12:25:17.105964","line":"exec.go:64","message":"\tat com.mercari.solution.module.sink.BigQuerySink.expand(BigQuerySink.java:231)"}
{"container_id":"c034769e960fbbdcbea8a6e9ade5a9087f2a91243192dfd7e5abf4f9d90e6bd9","severity":"INFO","time":"2022/02/07 12:25:17.106412","line":"exec.go:64","message":"\tat com.mercari.solution.FlexPipeline.setSinkResult(FlexPipeline.java:372)"}
{"container_id":"c034769e960fbbdcbea8a6e9ade5a9087f2a91243192dfd7e5abf4f9d90e6bd9","severity":"INFO","time":"2022/02/07 12:25:17.106544","line":"exec.go:64","message":"\tat com.mercari.solution.FlexPipeline.run(FlexPipeline.java:98)"}
{"container_id":"c034769e960fbbdcbea8a6e9ade5a9087f2a91243192dfd7e5abf4f9d90e6bd9","severity":"INFO","time":"2022/02/07 12:25:17.106661","line":"exec.go:64","message":"\tat com.mercari.solution.FlexPipeline.main(FlexPipeline.java:78)"}
{"container_id":"c034769e960fbbdcbea8a6e9ade5a9087f2a91243192dfd7e5abf4f9d90e6bd9","severity":"INFO","time":"2022/02/07 12:25:17.450245","line":"exec.go:50","message":"java failed with exit status 1"}
{"container_id":"c034769e960fbbdcbea8a6e9ade5a9087f2a91243192dfd7e5abf4f9d90e6bd9","severity":"INFO","time":"2022/02/07 12:25:17.450303","line":"launch.go:77","message":"Template launch failed: exit status 1"}
{"container_id":"c034769e960fbbdcbea8a6e9ade5a9087f2a91243192dfd7e5abf4f9d90e6bd9","severity":"INFO","time":"2022/02/07 12:25:17.450323","line":"launch.go:99","message":"Uploading console logs to gcs location: gs://dataflow-staging-asia-northeast1-950499514451/staging/template_launches/2022-02-07_04_23_52-9202563952417956133/console_logs"}
